<?xml version="1.0" encoding="UTF-8"?>
<testsuite name="org.sorenle.partitioner.node.NodeStatusTest" tests="4" skipped="0" failures="0" errors="0" timestamp="2017-08-16T20:38:37" hostname="salih-fedora" time="0.008">
  <properties/>
  <testcase name="isReadyToJoin" classname="org.sorenle.partitioner.node.NodeStatusTest" time="0.003"/>
  <testcase name="isDown" classname="org.sorenle.partitioner.node.NodeStatusTest" time="0.0"/>
  <testcase name="isUpandRunning" classname="org.sorenle.partitioner.node.NodeStatusTest" time="0.0"/>
  <testcase name="joinAndFail" classname="org.sorenle.partitioner.node.NodeStatusTest" time="0.0"/>
  <system-out><![CDATA[]]></system-out>
  <system-err><![CDATA[]]></system-err>
</testsuite>
