<?xml version="1.0" encoding="UTF-8"?>
<testsuite name="org.sorenle.partitioner.Murmur3Test" tests="1" skipped="0" failures="0" errors="0" timestamp="2017-08-16T20:38:37" hostname="salih-fedora" time="0.057">
  <properties/>
  <testcase name="generateMurmurHash" classname="org.sorenle.partitioner.Murmur3Test" time="0.057"/>
  <system-out><![CDATA[23:38:37.966 [Test worker] INFO  org.sorenle.partitioner.MurmurHash3 - -3485513579396041028
23:38:37.971 [Test worker] INFO  org.sorenle.partitioner.MurmurHash3 - -8604791237420463362
23:38:37.972 [Test worker] INFO  org.sorenle.partitioner.MurmurHash3 - -2734554653617988768
23:38:37.972 [Test worker] INFO  org.sorenle.partitioner.MurmurHash3 - 5208657608173592891
23:38:37.973 [Test worker] INFO  org.sorenle.partitioner.MurmurHash3 - 2072756739463403504
23:38:37.974 [Test worker] INFO  org.sorenle.partitioner.MurmurHash3 - 6655367218388208063
23:38:37.974 [Test worker] INFO  org.sorenle.partitioner.MurmurHash3 - -5566252076597558760
23:38:37.974 [Test worker] INFO  org.sorenle.partitioner.MurmurHash3 - 9162408199432052219
23:38:37.974 [Test worker] INFO  org.sorenle.partitioner.MurmurHash3 - 8282768600195057636
23:38:37.975 [Test worker] INFO  org.sorenle.partitioner.MurmurHash3 - 1779292183511753683
]]></system-out>
  <system-err><![CDATA[]]></system-err>
</testsuite>
